<?xml version="1.0" encoding="UTF-8"?>
<testsuite xmlns:xsi="http://www.w3.org/2001/XMLSchema-instance" xsi:noNamespaceSchemaLocation="https://maven.apache.org/surefire/maven-surefire-plugin/xsd/surefire-test-report-3.0.xsd" version="3.0" name="com.javatechie.SpringBootEksApplicationTests" time="5.443" tests="1" errors="0" skipped="0" failures="0">
  <properties>
[...]
</properties>
  <testcase name="contextLoads" classname="com.javatechie.SpringBootEksApplicationTests" time="1.551">
    <system-out><![CDATA[14:29:37.270 [main] INFO org.springframework.test.context.support.AnnotationConfigContextLoaderUtils -- Could not detect default configuration classes for test class [com.javatechie.SpringBootEksApplicationTests]: SpringBootEksApplicationTests does not declare any static, non-private, non-final, nested classes annotated with @Configuration.
14:29:37.502 [main] INFO org.springframework.boot.test.context.SpringBootTestContextBootstrapper -- Found @SpringBootConfiguration com.javatechie.SpringBootEksApplication for test class com.javatechie.SpringBootEksApplicationTests

  .   ____          _            __ _ _
 /\\ / ___'_ __ _ _(_)_ __  __ _ \ \ \ \
( ( )\___ | '_ | '_| | '_ \/ _` | \ \ \ \
 \\/  ___)| |_)| | | | | || (_| |  ) ) ) )
  '  |____| .__|_| |_|_| |_\__, | / / / /
 =========|_|==============|___/=/_/_/_/
 :: Spring Boot ::                (v3.2.0)

2025-11-29T14:29:38.363-08:00  INFO 14800 --- [           main] c.j.SpringBootEksApplicationTests        : Starting SpringBootEksApplicationTests using Java 21.0.7 with PID 14800 (started by Krishna Reddy in C:\Users\radha\Downloads\springboot-eks)
2025-11-29T14:29:38.365-08:00  INFO 14800 --- [           main] c.j.SpringBootEksApplicationTests        : No active profile set, falling back to 1 default profile: "default"
2025-11-29T14:29:40.801-08:00  INFO 14800 --- [           main] c.j.SpringBootEksApplicationTests        : Started SpringBootEksApplicationTests in 3.062 seconds (process running for 4.854)
]]></system-out>
    <system-err><![CDATA[WARNING: A Java agent has been loaded dynamically (C:\Users\radha\.m2\repository\net\bytebuddy\byte-buddy-agent\1.14.10\byte-buddy-agent-1.14.10.jar)
WARNING: If a serviceability tool is in use, please run with -XX:+EnableDynamicAgentLoading to hide this warning
WARNING: If a serviceability tool is not in use, please run with -Djdk.instrument.traceUsage for more information
WARNING: Dynamic loading of agents will be disallowed by default in a future release
]]></system-err>
  </testcase>
</testsuite>